<?xml version="1.0" encoding="UTF-8"?>
<!-- Generated by org.testng.reporters.JUnitReportReporter -->
<testsuite hostname="LTIN377195" failures="0" tests="4" name="com.bddData.CucumberOpt.TestRunner" time="1.502" errors="0" timestamp="2024-03-21T16:28:36 IST" skipped="0">
  <testcase classname="com.bddData.CucumberOpt.TestRunner" name="runScenario" time="0.175"/>
  <testcase classname="com.bddData.CucumberOpt.TestRunner" name="runScenario" time="0.196"/>
  <testcase classname="com.bddData.CucumberOpt.TestRunner" name="runScenario" time="0.920"/>
  <testcase classname="com.bddData.CucumberOpt.TestRunner" name="runScenario" time="0.211"/>
</testsuite> <!-- com.bddData.CucumberOpt.TestRunner -->
