<?xml version="1.0" encoding="UTF-8"?>
<!-- Generated by org.testng.reporters.JUnitReportReporter -->
<testsuite hostname="LTIN377195" failures="0" tests="1" name="com.bddData.CucumberOpt.TestRunner" time="0.095" errors="0" timestamp="2024-03-19T16:11:37 IST" skipped="0">
  <testcase classname="com.bddData.CucumberOpt.TestRunner" name="runScenario" time="0.095"/>
</testsuite> <!-- com.bddData.CucumberOpt.TestRunner -->
