<?xml version="1.0" encoding="UTF-8"?>
<!-- Generated by org.testng.reporters.JUnitReportReporter -->
<testsuite hostname="LTIN377195" failures="0" tests="4" name="com.bddData.CucumberOpt.TestRunner" time="1.351" errors="2" timestamp="2024-03-20T15:57:51 IST" skipped="0">
  <testcase classname="com.bddData.CucumberOpt.TestRunner" name="runScenario" time="0.149">
    <error message="Index: 3" type="java.lang.IndexOutOfBoundsException">
      <![CDATA[java.lang.IndexOutOfBoundsException: Index: 3
at java.base/java.util.Collections$EmptyList.get(Collections.java:4807)
at com.bddData.BDDExcel.stepDefinitions.StepDefinitions.excel_filename_and_location_is_given_as(StepDefinitions.java:41)
at ✽.Excel filename and Location is given as(file:///C:/Users/2172261/git/BDDExcelMar2024/BDDExcel/src/test/resources/com/bddData/BDDExcel/dataTable.feature:24)
]]>
    </error>
  </testcase> <!-- runScenario -->
  <testcase classname="com.bddData.CucumberOpt.TestRunner" name="runScenario" time="0.139"/>
  <testcase classname="com.bddData.CucumberOpt.TestRunner" name="runScenario" time="0.889"/>
  <testcase classname="com.bddData.CucumberOpt.TestRunner" name="runScenario" time="0.174">
    <error message="Index: 3" type="java.lang.IndexOutOfBoundsException">
      <![CDATA[java.lang.IndexOutOfBoundsException: Index: 3
at java.base/java.util.Collections$EmptyList.get(Collections.java:4807)
at com.bddData.BDDExcel.stepDefinitions.StepDefinitions.excel_filename_and_location_is_given_as(StepDefinitions.java:41)
at ✽.Excel filename and Location is given as(file:///C:/Users/2172261/git/BDDExcelMar2024/BDDExcel/src/test/resources/com/bddData/BDDExcel/dataTable.feature:18)
]]>
    </error>
  </testcase> <!-- runScenario -->
</testsuite> <!-- com.bddData.CucumberOpt.TestRunner -->
